<?xml version="1.0" encoding="UTF-8"?>
<!-- Generated by org.testng.reporters.JUnitReportReporter -->
<testsuite hostname="Vinod-PC" failures="0" tests="5" name="com.massmutual.tests.TestRunner" time="0.453" errors="0" timestamp="2021-04-16T01:31:11 IST" skipped="0">
  <testcase classname="com.massmutual.tests.TestRunner" name="runScenario" time="0.031"/>
  <system-out/>
  <testcase classname="com.massmutual.tests.TestRunner" name="runScenario" time="0.030"/>
  <system-out/>
  <testcase classname="com.massmutual.tests.TestRunner" name="runScenario" time="0.340"/>
  <system-out/>
  <testcase classname="com.massmutual.tests.TestRunner" name="runScenario" time="0.032"/>
  <system-out/>
  <testcase classname="com.massmutual.tests.TestRunner" name="runScenario" time="0.020"/>
  <system-out/>
</testsuite> <!-- com.massmutual.tests.TestRunner -->
