<?xml version="1.0" encoding="UTF-8"?>
<!-- Generated by org.testng.reporters.JUnitReportReporter -->
<testsuite hostname="Vinod-PC" failures="0" tests="5" name="com.massmutual.tests.TestRunner" time="0.461" errors="0" timestamp="2021-04-16T01:31:55 IST" skipped="0">
  <testcase classname="com.massmutual.tests.TestRunner" name="runScenario" time="0.360"/>
  <system-out/>
  <testcase classname="com.massmutual.tests.TestRunner" name="runScenario" time="0.029"/>
  <system-out/>
  <testcase classname="com.massmutual.tests.TestRunner" name="runScenario" time="0.032"/>
  <system-out/>
  <testcase classname="com.massmutual.tests.TestRunner" name="runScenario" time="0.030"/>
  <system-out/>
  <testcase classname="com.massmutual.tests.TestRunner" name="runScenario" time="0.010"/>
  <system-out/>
</testsuite> <!-- com.massmutual.tests.TestRunner -->
